Start testing: Aug 24 14:11 +04
----------------------------------------------------------
1/7 Testing: test_vector
1/7 Test: test_vector
Command: "/home/vardan/Algorithms_and_DataStructures/DataStructures/build/tests/test_vector"
Directory: /home/vardan/Algorithms_and_DataStructures/DataStructures/build
"test_vector" start time: Aug 24 14:11 +04
Output:
----------------------------------------------------------
=== Test 1: Push & Emplace ===
  Constructed: Element 1
  Constructed: Element 2
  Moved: Element 2
  Destroyed: moved-from
  Destroyed: Element 1
  Destroyed: Element 2

=== Test 2: Self-Insertion (v.push_back(v[0])) ===
Self-insertion successful: vec[2] = Hello

=== Test 3: Iterators & Range-based For Loop ===
Elements: 10 20 30 40 50 

=== Test 4: Insert, Erase, Shrink to Fit ===
After Insert & Erase: 10 30 40 
Capacity before shrink: 6
Capacity after shrink: 3

ALL TESTS PASSED SUCCESSFULLY!
<end of output>
Test time =   0.00 sec
----------------------------------------------------------
Test Passed.
"test_vector" end time: Aug 24 14:11 +04
"test_vector" time elapsed: 00:00:00
----------------------------------------------------------

2/7 Testing: test_forward_list
2/7 Test: test_forward_list
Command: "/home/vardan/Algorithms_and_DataStructures/DataStructures/build/tests/test_forward_list"
Directory: /home/vardan/Algorithms_and_DataStructures/DataStructures/build
"test_forward_list" start time: Aug 24 14:11 +04
Output:
----------------------------------------------------------
[PASS] Test Push/Pop
[PASS] Test Insert/Erase
[PASS] Test Reverse/Sort/Merge
[PASS] Test Copy/Move Semantics

>>> ALL FORWARD_LIST TESTS PASSED! <<<
<end of output>
Test time =   0.00 sec
----------------------------------------------------------
Test Passed.
"test_forward_list" end time: Aug 24 14:11 +04
"test_forward_list" time elapsed: 00:00:00
----------------------------------------------------------

3/7 Testing: test_list
3/7 Test: test_list
Command: "/home/vardan/Algorithms_and_DataStructures/DataStructures/build/tests/test_list"
Directory: /home/vardan/Algorithms_and_DataStructures/DataStructures/build
"test_list" start time: Aug 24 14:11 +04
Output:
----------------------------------------------------------
Running main() from ./googletest/src/gtest_main.cc
[==========] Running 12 tests from 1 test suite.
[----------] Global test environment set-up.
[----------] 12 tests from ListTest
[ RUN      ] ListTest.DefaultConstructor
[       OK ] ListTest.DefaultConstructor (0 ms)
[ RUN      ] ListTest.IteratorTraversalAndDereference
[       OK ] ListTest.IteratorTraversalAndDereference (0 ms)
[ RUN      ] ListTest.PushAndPopOperations
[       OK ] ListTest.PushAndPopOperations (0 ms)
[ RUN      ] ListTest.EmplaceBackAndFront
[       OK ] ListTest.EmplaceBackAndFront (0 ms)
[ RUN      ] ListTest.InsertAndEraseVariants
[       OK ] ListTest.InsertAndEraseVariants (0 ms)
[ RUN      ] ListTest.RAIIAndDestructorCall
[       OK ] ListTest.RAIIAndDestructorCall (0 ms)
[ RUN      ] ListTest.CopyConstructorAndAssignment
[       OK ] ListTest.CopyConstructorAndAssignment (0 ms)
[ RUN      ] ListTest.MoveConstructorAndAssignment
[       OK ] ListTest.MoveConstructorAndAssignment (0 ms)
[ RUN      ] ListTest.SpliceEntireList
[       OK ] ListTest.SpliceEntireList (0 ms)
[ RUN      ] ListTest.ReverseInPlace
[       OK ] ListTest.ReverseInPlace (0 ms)
[ RUN      ] ListTest.RemoveAndRemoveIf
[       OK ] ListTest.RemoveAndRemoveIf (0 ms)
[ RUN      ] ListTest.MergeSortedLists
[       OK ] ListTest.MergeSortedLists (0 ms)
[----------] 12 tests from ListTest (0 ms total)

[----------] Global test environment tear-down
[==========] 12 tests from 1 test suite ran. (0 ms total)
[  PASSED  ] 12 tests.
<end of output>
Test time =   0.00 sec
----------------------------------------------------------
Test Passed.
"test_list" end time: Aug 24 14:11 +04
"test_list" time elapsed: 00:00:00
----------------------------------------------------------

4/7 Testing: test_deque
4/7 Test: test_deque
Command: "/home/vardan/Algorithms_and_DataStructures/DataStructures/build/tests/test_deque"
Directory: /home/vardan/Algorithms_and_DataStructures/DataStructures/build
"test_deque" start time: Aug 24 14:11 +04
Output:
----------------------------------------------------------
=== 1. Test Push Back/Front & Access ===
Elements in dq: 1 5 10 20 
PASSED!

=== 2. Test Emplace Back/Front (In-Place Construction) ===
1. Emplacing 'Alice' to back...
  [Constructed] Alice (25)
2. Emplacing 'Bob' to front...
  [Constructed] Bob (30)
PASSED!

=== 3. Test Iterators & Large Allocation (500 Elements) ===
PASSED!

=== 4. Test Pop Back & Pop Front ===
PASSED!

=== 5. Test Clear & Empty ===
PASSED!

========================================
🎉 ALL DEQUE TESTS PASSED SUCCESSFULLY! 🎉
========================================
<end of output>
Test time =   0.00 sec
----------------------------------------------------------
Test Passed.
"test_deque" end time: Aug 24 14:11 +04
"test_deque" time elapsed: 00:00:00
----------------------------------------------------------

5/7 Testing: test_stack
5/7 Test: test_stack
Command: "/home/vardan/Algorithms_and_DataStructures/DataStructures/build/tests/test_stack"
Directory: /home/vardan/Algorithms_and_DataStructures/DataStructures/build
"test_stack" start time: Aug 24 14:11 +04
Output:
----------------------------------------------------------
--- Running mystl::stack Tests ---
[SUCCESS] Basic Push/Pop/Top tests passed!
[SUCCESS] Emplace and Complex Type tests passed!
[SUCCESS] Const Reference Top tests passed!
--- All mystl::stack Tests Passed Successfully! ---
<end of output>
Test time =   0.00 sec
----------------------------------------------------------
Test Passed.
"test_stack" end time: Aug 24 14:11 +04
"test_stack" time elapsed: 00:00:00
----------------------------------------------------------

6/7 Testing: test_queue
6/7 Test: test_queue
Command: "/home/vardan/Algorithms_and_DataStructures/DataStructures/build/tests/test_queue"
Directory: /home/vardan/Algorithms_and_DataStructures/DataStructures/build
"test_queue" start time: Aug 24 14:11 +04
Output:
----------------------------------------------------------
--- Running mystl::queue Tests ---
[SUCCESS] Queue FIFO logic test passed!
--- All mystl::queue Tests Passed! ---
<end of output>
Test time =   0.00 sec
----------------------------------------------------------
Test Passed.
"test_queue" end time: Aug 24 14:11 +04
"test_queue" time elapsed: 00:00:00
----------------------------------------------------------

7/7 Testing: test_priority_queue
7/7 Test: test_priority_queue
Command: "/home/vardan/Algorithms_and_DataStructures/DataStructures/build/tests/test_priority_queue"
Directory: /home/vardan/Algorithms_and_DataStructures/DataStructures/build
"test_priority_queue" start time: Aug 24 14:11 +04
Output:
----------------------------------------------------------
--- Starting mystl::priority_queue Unit Tests ---
[PASSED] Default Max-Heap Test
[PASSED] Min-Heap Test
[PASSED] Range Constructor ($O(N)$ Heapify) Test
[PASSED] Emplace & Move Test
[PASSED] Custom Struct Test
[PASSED] Swap Test
--- All Tests Passed Successfully! ---
<end of output>
Test time =   0.00 sec
----------------------------------------------------------
Test Passed.
"test_priority_queue" end time: Aug 24 14:11 +04
"test_priority_queue" time elapsed: 00:00:00
----------------------------------------------------------

End testing: Aug 24 14:11 +04
